0000000000000000 0000000000000004 b g_fsPriority
0000000000000000 a __start__
0000000000000000 T _start
0000000000000000 b _TLS_MODULE_BASE_
0000000000000004 0000000000000004 b fsdev_last_result
0000000000000008 0000000000000401 B __nx_dev_path_buf
00000000000000e0 T __nx_exit
00000000000000f0 T __nx_mod0
0000000000000140 0000000000000034 T exit
0000000000000180 0000000000000008 T main
00000000000001a0 t __do_global_dtors_aux
0000000000000200 t frame_dummy
0000000000000230 000000000000002c T __libnx_initheap
0000000000000260 0000000000000074 T __appInit
00000000000002e0 0000000000000014 T __appExit
0000000000000300 00000000000000b4 t _fsCleanup
00000000000003c0 00000000000001c0 t _fsCmdNoIO
0000000000000580 00000000000001e0 t _fsFsCmdWithInPath
0000000000000760 00000000000001f8 t _fsFsCmdWithTwoInPaths
0000000000000960 000000000000028c t _fsFsOpenCommon
0000000000000bf0 00000000000001fc t _fsFsCmdWithInPathAndOutU64
0000000000000df0 00000000000000f8 t _fsObjectClose
0000000000000ef0 000000000000017c t _fsCmdGetSession.constprop.0
0000000000001070 00000000000002f8 T fsInitialize
0000000000001370 0000000000000048 T fsExit
00000000000013c0 0000000000000008 T fsOpenSdCardFileSystem
00000000000013d0 00000000000001ec T fsFsCreateFile
00000000000015c0 0000000000000008 T fsFsDeleteFile
00000000000015d0 0000000000000008 T fsFsCreateDirectory
00000000000015e0 0000000000000008 T fsFsDeleteDirectory
00000000000015f0 0000000000000008 T fsFsRenameFile
0000000000001600 0000000000000008 T fsFsRenameDirectory
0000000000001610 00000000000001f0 T fsFsGetEntryType
0000000000001800 0000000000000008 T fsFsOpenFile
0000000000001810 0000000000000008 T fsFsOpenDirectory
0000000000001820 0000000000000008 T fsFsGetFreeSpace
0000000000001830 0000000000000008 T fsFsGetTotalSpace
0000000000001840 0000000000000230 T fsFsGetFileTimeStampRaw
0000000000001a70 0000000000000004 T fsFsClose
0000000000001a80 0000000000000214 T fsFileRead
0000000000001ca0 00000000000001f8 T fsFileWrite
0000000000001ea0 0000000000000008 T fsFileFlush
0000000000001eb0 00000000000001c0 T fsFileSetSize
0000000000001eb0 00000000000001c0 t fsFileSetSize.localalias
0000000000002070 00000000000001d4 T fsFileGetSize
0000000000002070 00000000000001d4 t fsFileGetSize.localalias
0000000000002250 0000000000000004 T fsFileClose
0000000000002260 0000000000000004 T fsDirClose
0000000000002270 0000000000000204 T fsDirRead
0000000000002480 00000000000000d0 t _setsysGetFirmwareVersionImpl
0000000000002550 0000000000000078 t _setsysCleanup
00000000000025d0 00000000000000a0 T setsysInitialize
0000000000002670 0000000000000048 T setsysExit
00000000000026c0 0000000000000048 T setsysGetFirmwareVersion
0000000000002710 00000000000000cc t _smCmifCmdInPid
00000000000027e0 0000000000000078 t _smCleanup
0000000000002860 0000000000000048 T smAddOverrideHandle
00000000000028b0 0000000000000054 T smGetServiceOverride
0000000000002910 00000000000001ac T smInitialize
0000000000002ac0 0000000000000048 T smExit
0000000000002b10 00000000000000d0 T smGetServiceOriginal
0000000000002be0 0000000000000120 T smGetServiceWrapper
0000000000002d00 000000000000001c W diagAbortWithResult
0000000000002d20 0000000000000014 T hosversionGet
0000000000002d40 0000000000000010 T hosversionSet
0000000000002d50 0000000000000010 t fsdev_link
0000000000002d60 0000000000000010 t fsdev_dirreset
0000000000002d70 0000000000000010 t fsdev_chmod
0000000000002d80 0000000000000018 t error_cmp
0000000000002da0 0000000000000020 t fsdev_dirclose
0000000000002dc0 000000000000001c t fsdev_close
0000000000002de0 0000000000000074 t fsdev_converttimetoutc
0000000000002e60 00000000000000d4 t fsdevFindDevice.part.0
0000000000002f40 00000000000001cc t fsdev_fixpath
0000000000003110 000000000000009c t _fsdevUnmountDeviceStruct.part.0
00000000000031b0 0000000000000010 t fsdev_fchmod
00000000000031c0 0000000000000100 t fsdev_diropen
00000000000032c0 00000000000000f8 t fsdev_statvfs
00000000000033c0 000000000000007c t fsdev_fsync
0000000000003440 00000000000000ec t fsdev_fstat
0000000000003530 0000000000000094 t fsdev_ftruncate
00000000000035d0 00000000000001d8 t fsdev_stat
00000000000037b0 000000000000014c t fsdev_rename
0000000000003900 000000000000013c t fsdev_chdir
0000000000003a40 00000000000000a4 t fsdev_rmdir
0000000000003af0 00000000000000a4 t fsdev_mkdir
0000000000003ba0 00000000000000a4 t fsdev_unlink
0000000000003c50 000000000000013c t fsdev_write_safe
0000000000003d90 0000000000000134 t fsdev_read_safe
0000000000003ed0 0000000000000100 t fsdev_read
0000000000003fd0 00000000000001d4 t fsdev_dirnext
00000000000041b0 0000000000000124 t fsdev_write
00000000000042e0 0000000000000110 t fsdev_seek
00000000000043f0 0000000000000230 t fsdev_open
0000000000004620 0000000000000324 T fsdevMountDevice
0000000000004950 0000000000000040 T fsdevMountSdmc
0000000000004990 0000000000000064 T fsdevUnmountAll
0000000000004a00 0000000000000128 T decode_utf8
0000000000004b28 T svcSetMemoryPermission
0000000000004b30 T svcSetMemoryAttribute
0000000000004b38 T svcUnmapMemory
0000000000004b40 T svcQueryMemory
0000000000004b54 T svcExitProcess
0000000000004b5c T svcSleepThread
0000000000004b64 T svcCloseHandle
0000000000004b6c T svcArbitrateLock
0000000000004b74 T svcArbitrateUnlock
0000000000004b7c T svcWaitProcessWideKeyAtomic
0000000000004b84 T svcSignalProcessWideKey
0000000000004b8c T svcConnectToNamedPort
0000000000004ba0 T svcSendSyncRequest
0000000000004ba8 T svcBreak
0000000000004bb0 T svcReturnFromException
0000000000004bb8 T svcGetInfo
0000000000004bcc T __aarch64_read_tp
0000000000004be0 00000000000000c8 T mutexLock
0000000000004cb0 0000000000000068 T mutexUnlock
0000000000004d20 0000000000000058 T rmutexLock
0000000000004d80 000000000000001c T rmutexUnlock
0000000000004da0 0000000000000184 T sessionmgrCreate
0000000000004f30 0000000000000084 T sessionmgrClose
0000000000004fc0 00000000000000a8 T sessionmgrAttachClient
0000000000005070 0000000000000060 T sessionmgrDetachClient
00000000000050d0 0000000000000114 T timeToPosixTimeWithMyRule
00000000000051f0 0000000000000004 W __libnx_alloc
0000000000005200 0000000000000004 W __libnx_free
0000000000005210 0000000000000314 W argvSetup
0000000000005530 00000000000001fc T __nx_dynamic
0000000000005730 0000000000000208 T envSetup
0000000000005940 0000000000000020 T envGetMainThreadHandle
0000000000005960 000000000000000c T envIsNso
0000000000005970 0000000000000014 T envHasArgv
0000000000005990 000000000000000c T envGetArgv
00000000000059a0 000000000000000c T envGetExitFuncPtr
00000000000059b0 000000000000002c W __libnx_init
00000000000059e0 000000000000001c W __libnx_exit
0000000000005a00 000000000000001c T __syscall_exit
0000000000005a20 0000000000000034 T __syscall_getreent
0000000000005a60 0000000000000004 T __syscall_lock_acquire_recursive
0000000000005a70 0000000000000004 T __syscall_lock_release_recursive
0000000000005a80 0000000000000098 T newlibSetup
0000000000005b20 00000000000000e8 T nxlinkSetup
0000000000005c08 W __libnx_exception_entry
0000000000005c94 t __libnx_exception_entry_start
0000000000005dbc t __libnx_exception_entry_abort
0000000000005dc0 t __libnx_exception_entry_end
0000000000005dc8 T __libnx_exception_returnentry
0000000000005de0 0000000000000070 T condvarWaitTimeout
0000000000005e50 00000000000000b0 T __libnx_init_thread
0000000000005f00 0000000000000064 t _memregionInitWithInfo
0000000000005f70 0000000000000140 T virtmemSetup
00000000000060c0 0000000000000104 T memset
0000000000006200 0000000000000134 T strcmp
0000000000006340 00000000000001b4 T strncmp
0000000000006500 00000000000001a4 t _strtoul_l.isra.0
00000000000066c0 0000000000000040 T strtoul
0000000000006700 00000000000000a4 T __libc_init_array
00000000000067c0 0000000000000088 T strncat
0000000000006860 00000000000000b4 T bsearch
0000000000006940 000000000000022c T memcpy
0000000000006940 T memmove
0000000000006b80 0000000000000840 T _malloc_r
00000000000073c0 000000000000011c T _malloc_trim_r
00000000000074e0 00000000000002d8 T _free_r
00000000000077c0 0000000000000038 T malloc
0000000000007800 000000000000001c T free
0000000000007820 0000000000000028 T gmtime
0000000000007880 0000000000000130 T strlen
00000000000079c0 00000000000000b8 T strnlen
0000000000007a80 000000000000000c T __malloc_lock
0000000000007aa0 000000000000000c T __malloc_unlock
0000000000007ac0 0000000000000004 W __call_exitprocs
0000000000007ae0 00000000000000ac T strncpy
0000000000007ba0 00000000000002a0 T gmtime_r
0000000000007e40 000000000000018c T _memalign_r
0000000000008000 00000000000000cc T strchr
00000000000080e0 0000000000000044 T __libc_fini_array
0000000000008140 0000000000000020 T _exit
0000000000008160 0000000000000020 T __getreent
0000000000008180 0000000000000008 t null_write
00000000000081a0 0000000000000018 T setDefaultDevice
00000000000081c0 0000000000000110 T FindDevice
00000000000082e0 0000000000000034 T RemoveDevice
0000000000008320 00000000000000c4 T AddDevice
0000000000008400 0000000000000034 T GetDeviceOpTab
0000000000008440 0000000000000078 W _sbrk_r
00000000000084c0 0000000000000014 T __libc_lock_acquire_recursive
00000000000084e0 0000000000000014 T __libc_lock_release_recursive
00000000000084f8 T _init
0000000000008530 T _fini
0000000000009118 0000000000000020 r error_table
0000000000009188 0000000000000101 R _ctype_
0000000000009290 r __tls_align
0000000000009298 r __EH_FRAME_BEGIN__
0000000000009298 r __eh_frame_hdr_end
0000000000009298 r __eh_frame_hdr_start
000000000000ac20 r __FRAME_END__
000000000000b000 d __frame_dummy_init_array_entry
000000000000b000 d __init_array_start
000000000000b000 d __preinit_array_end
000000000000b000 d __preinit_array_start
000000000000b000 d __relro_start
000000000000b008 d __do_global_dtors_aux_fini_array_entry
000000000000b008 d __fini_array_start
000000000000b008 d __init_array_end
000000000000b010 d __fini_array_end
000000000000b010 0000000000000100 d fsdev_devoptab
000000000000b110 0000000000000100 D dotab_stdnull
000000000000b210 a _DYNAMIC
000000000000b360 a _GLOBAL_OFFSET_TABLE_
000000000000b360 d __got_start__
000000000000b4d8 d __got_end__
000000000000c000 d __data_start
000000000000c000 0000000000000004 D __nx_fs_num_sessions
000000000000c004 0000000000000004 D __nx_applet_type
000000000000c008 0000000000000001 V __nx_fsdev_support_cwd
000000000000c00c 0000000000000004 V __nx_fsdev_direntry_cache_size
000000000000c010 0000000000000008 V __nx_exception_stack_size
000000000000c018 0000000000000008 D __malloc_sbrk_base
000000000000c020 0000000000000008 D __malloc_trim_threshold
000000000000c028 0000000000000810 D __malloc_av_
000000000000c838 0000000000000008 D _impure_ptr
000000000000c840 0000000000000180 D _impure_data
000000000000c9c0 0000000000000118 D devoptab_list
000000000000cad8 0000000000000004 d defaultDevice
000000000000cae0 b __bss_start__
000000000000cae0 b completed.1
000000000000cae0 d __tdata_lma
000000000000cae0 d __tdata_lma_end
000000000000cae8 b object.0
000000000000cb20 0000000000080000 b inner_heap.0
000000000008cb20 0000000000000008 b g_fsGuard
000000000008cb30 0000000000000054 b g_fsSessionMgr
000000000008cb88 0000000000000010 b g_fsSrv
000000000008cb98 0000000000000008 b g_setsysGuard
000000000008cba0 0000000000000010 b g_setsysSrv
000000000008cbb0 0000000000000008 b g_smGuard
000000000008cbb8 0000000000000008 b g_smOverridesNum
000000000008cbc0 0000000000000180 b g_smOverrides
000000000008cd40 0000000000000010 b g_smSrv
000000000008cd50 0000000000000004 b g_hosVersion
000000000008cd60 0000000000002800 b fsdev_fsdevices
000000000008f560 0000000000000004 b fsdev_fsdevice_cwd
000000000008f564 0000000000000001 b fsdev_initialised
000000000008f568 B __stack_top
000000000008f570 0000000000000010 b g_timeTimeZoneService
000000000008f580 0000000000000008 b g_argv_empty
000000000008f588 0000000000000008 B __system_argv
000000000008f590 0000000000000004 B __system_argc
000000000008f598 0000000000000008 b g_userIdStorage
000000000008f5a0 0000000000000010 b g_randomSeed
000000000008f5b0 0000000000000001 b g_hasRandomSeed
000000000008f5b4 0000000000000004 b g_lastLoadResult
000000000008f5b8 0000000000000008 b g_nextLoadArgv
000000000008f5c0 0000000000000008 b g_nextLoadPath
000000000008f5c8 0000000000000004 b g_processHandle
000000000008f5d0 0000000000000018 b g_syscallHints
000000000008f5e8 0000000000000008 b g_overrideArgv
000000000008f5f0 0000000000000008 b g_overrideHeapSize
000000000008f5f8 0000000000000008 b g_overrideHeapAddr
000000000008f600 0000000000000008 b g_loaderRetAddr
000000000008f608 0000000000000004 b g_mainThreadHandle
000000000008f610 0000000000000008 b g_loaderInfoSize
000000000008f618 0000000000000008 b g_loaderInfo
000000000008f620 0000000000000001 b g_isNso
000000000008f630 0000000000000340 B __nx_exceptiondump
000000000008f970 0000000000000004 V __nx_exception_ignoredebug
000000000008f980 0000000000000400 V __nx_exception_stack
000000000008fd80 0000000000000004 B __nxlink_host
000000000008fd90 0000000000000038 b g_mainThread
000000000008fdc8 0000000000000008 b g_threadList
000000000008fdd0 0000000000000004 b g_threadMutex
000000000008fdd4 0000000000000001 b g_IsLegacyKernel
000000000008fde0 0000000000000010 b g_StackRegion
000000000008fdf0 0000000000000010 b g_AslrRegion
000000000008fe00 0000000000000010 b g_HeapRegion
000000000008fe10 0000000000000010 b g_AliasRegion
000000000008fe20 0000000000000228 B __sf
0000000000090048 0000000000000008 B __stdio_exit_handler
0000000000090050 0000000000000050 B __malloc_current_mallinfo
00000000000900a0 0000000000000008 B __malloc_max_total_mem
00000000000900a8 0000000000000008 B __malloc_max_sbrked_mem
00000000000900b0 0000000000000008 B __malloc_top_pad
00000000000900b8 000000000000000c b __malloc_recursive_mutex
00000000000900c8 0000000000000008 B fake_heap_start
00000000000900d0 0000000000000008 B fake_heap_end
00000000000900d8 0000000000000008 b heap_start.0
00000000000900e0 b __tls_start
00000000000904f0 b __bss_end__
00000000000904f0 b __end__
00000000000904f0 b __tls_end
0000000000091000 b __argdata__
